C:\Users\BrontoByte\Anaconda3\lib\site-packages\h5py\__init__.py:34: FutureWarning: Conversion of the second argument of issubdtype from `float` to `np.floating` is deprecated. In future, it will be treated as `np.float64 == np.dtype(float).type`.
  from ._conv import register_converters as _register_converters

From C:\Users\BrontoByte\Anaconda3\lib\site-packages\keras\backend\tensorflow_backend.py:1305: calling reduce_any_v1 (from tensorflow.python.ops.math_ops) with keep_dims is deprecated and will be removed in a future version.
Instructions for updating:
keep_dims is deprecated, use keepdims instead
From C:\Users\BrontoByte\Anaconda3\lib\site-packages\tensorflow\python\framework\op_def_library.py:263: colocate_with (from tensorflow.python.framework.ops) is deprecated and will be removed in a future version.
Instructions for updating:
Colocations handled automatically by placer.
From C:\Users\BrontoByte\Anaconda3\lib\site-packages\keras\backend\tensorflow_backend.py:1188: calling reduce_sum_v1 (from tensorflow.python.ops.math_ops) with keep_dims is deprecated and will be removed in a future version.
Instructions for updating:
keep_dims is deprecated, use keepdims instead
From C:\Users\BrontoByte\Anaconda3\lib\site-packages\keras\backend\tensorflow_backend.py:2888: calling dropout (from tensorflow.python.ops.nn_ops) with keep_prob is deprecated and will be removed in a future version.
Instructions for updating:
Please use `rate` instead of `keep_prob`. Rate should be set to `rate = 1 - keep_prob`.
C:\Users\BrontoByte\Anaconda3\lib\site-packages\h5py\__init__.py:34: FutureWarning: Conversion of the second argument of issubdtype from `float` to `np.floating` is deprecated. In future, it will be treated as `np.float64 == np.dtype(float).type`.
  from ._conv import register_converters as _register_converters

From C:\Users\BrontoByte\Anaconda3\lib\site-packages\keras\backend\tensorflow_backend.py:1305: calling reduce_any_v1 (from tensorflow.python.ops.math_ops) with keep_dims is deprecated and will be removed in a future version.
Instructions for updating:
keep_dims is deprecated, use keepdims instead
From C:\Users\BrontoByte\Anaconda3\lib\site-packages\tensorflow\python\framework\op_def_library.py:263: colocate_with (from tensorflow.python.framework.ops) is deprecated and will be removed in a future version.
Instructions for updating:
Colocations handled automatically by placer.
From C:\Users\BrontoByte\Anaconda3\lib\site-packages\keras\backend\tensorflow_backend.py:1188: calling reduce_sum_v1 (from tensorflow.python.ops.math_ops) with keep_dims is deprecated and will be removed in a future version.
Instructions for updating:
keep_dims is deprecated, use keepdims instead
From C:\Users\BrontoByte\Anaconda3\lib\site-packages\keras\backend\tensorflow_backend.py:2888: calling dropout (from tensorflow.python.ops.nn_ops) with keep_prob is deprecated and will be removed in a future version.
Instructions for updating:
Please use `rate` instead of `keep_prob`. Rate should be set to `rate = 1 - keep_prob`.
Added 'nlp_spacy' to component cache. Key 'nlp_spacy-en'.
Started http server on port 5005
C:\Users\BrontoByte\Anaconda3\lib\site-packages\h5py\__init__.py:34: FutureWarning: Conversion of the second argument of issubdtype from `float` to `np.floating` is deprecated. In future, it will be treated as `np.float64 == np.dtype(float).type`.
  from ._conv import register_converters as _register_converters

From C:\Users\BrontoByte\Anaconda3\lib\site-packages\keras\backend\tensorflow_backend.py:1305: calling reduce_any_v1 (from tensorflow.python.ops.math_ops) with keep_dims is deprecated and will be removed in a future version.
Instructions for updating:
keep_dims is deprecated, use keepdims instead
From C:\Users\BrontoByte\Anaconda3\lib\site-packages\tensorflow\python\framework\op_def_library.py:263: colocate_with (from tensorflow.python.framework.ops) is deprecated and will be removed in a future version.
Instructions for updating:
Colocations handled automatically by placer.
From C:\Users\BrontoByte\Anaconda3\lib\site-packages\keras\backend\tensorflow_backend.py:1188: calling reduce_sum_v1 (from tensorflow.python.ops.math_ops) with keep_dims is deprecated and will be removed in a future version.
Instructions for updating:
keep_dims is deprecated, use keepdims instead
From C:\Users\BrontoByte\Anaconda3\lib\site-packages\keras\backend\tensorflow_backend.py:2888: calling dropout (from tensorflow.python.ops.nn_ops) with keep_prob is deprecated and will be removed in a future version.
Instructions for updating:
Please use `rate` instead of `keep_prob`. Rate should be set to `rate = 1 - keep_prob`.
Added 'nlp_spacy' to component cache. Key 'nlp_spacy-en'.
Started http server on port 5005
